============================================================
  SELF-PLAY RL TRAINING SYSTEM (PLURIBUS V8)
============================================================
  Target Hands:    200,000
  Personality:     MAIN
  Sim Batch Size:  2,000
  Epochs/Batch:    3
  Learning Rate:   0.001
  Save File Name:  expert_v11_main.pth
============================================================
Initializing V8 weights from checkpoint: core/weights/v11_past_checkpoint.pth

Launching simulation batch workers...

==================================================
--- INTERMEDIATE SENSITIVITY CHECK AT 10k Hands ---
| Hand | Equity | Fold EV | Call EV | Raise EV | Action |
| :--- | :---: | :---: | :---: | :---: | :---: |
| 7d 2s (Garbage)      | 0.30 |    0.00 |   -0.14 |    -3.51 | **FOLD** |
| Jh Ts (Medium)       | 0.46 |    0.02 |    2.92 |     6.36 | **RAISE** |
| Ad Qo (Strong)       | 0.60 |    0.02 |    4.23 |     8.89 | **RAISE** |
| Qd Qs (Premium)      | 0.78 |    0.02 |    4.28 |     8.99 | **RAISE** |
| Ah As (Nuts)         | 0.85 |    0.01 |    4.60 |     9.65 | **RAISE** |
==================================================


==================================================
--- INTERMEDIATE SENSITIVITY CHECK AT 25k Hands ---
| Hand | Equity | Fold EV | Call EV | Raise EV | Action |
| :--- | :---: | :---: | :---: | :---: | :---: |
| 7d 2s (Garbage)      | 0.30 |    0.00 |   -0.14 |    -3.51 | **FOLD** |
| Jh Ts (Medium)       | 0.46 |    0.02 |    2.92 |     6.36 | **RAISE** |
| Ad Qo (Strong)       | 0.60 |    0.02 |    4.23 |     8.89 | **RAISE** |
| Qd Qs (Premium)      | 0.78 |    0.02 |    4.28 |     8.99 | **RAISE** |
| Ah As (Nuts)         | 0.85 |    0.01 |    4.60 |     9.65 | **RAISE** |
==================================================

+========================================================================================+
|  SELF-PLAY V8 MULTI-PERSONALITY LEAGUE SYSTEM (RTX 4080 GPU)                           |
+========================================================================================+
|  Active Personality: MAIN                                                               |
|  Hands Simulated:       196,910 /    200,000   ( 98.5%)                            |
|  Training Epoch:        3                                                              |
|  Bootstrap Alpha:      0.00                                                            |
|  Curriculum Stage:   Phase 5: Focus Rounds                                         |
|  Elapsed Time:       1m 24s                                                           |
|  Sim Speed:              23 hands/sec                                                 |
|  ETA:                2m 16s                                                           |
|  Training Samples:        1,910                                                        |
+----------------------------------------------------------------------------------------+
|  CUMULATIVE PERFORMANCE BY SEAT:                                                       |
|  - Seat 0 Hero (Main)     :  -47.8 BB/100 (VPIP:29.6% AGG:45.3%) [R:954   F:1427  AI:160 ]|
|  - Seat 1 Opp 1 (Maniac)  : -101.0 BB/100 (VPIP:36.3% AGG:45.3%) [R:5053  F:2797  AI:898 ]|
|  - Seat 2 Opp 2 (Nit)     :   -3.3 BB/100 (VPIP:25.9% AGG:34.4%) [R:27    F:390   AI:3   ]|
|  - Seat 3 Opp 3 (Sticky)  :   +9.5 BB/100 (VPIP:33.7% AGG:34.1%) [R:32    F:120   AI:9   ]|
|  - Seat 4 Opp 4 (Past Self):  +65.4 BB/100 (VPIP:29.3% AGG:44.6%) [R:244   F:417   AI:50  ]|
|  - Seat 5 Opp 5 (TAG Bot) :  +77.2 BB/100 (VPIP:27.7% AGG:44.4%) [R:254   F:582   AI:43  ]|
+----------------------------------------------------------------------------------------+
|  Global Post-Flop Avg Active Players: 2.12                                             |
+----------------------------------------------------------------------------------------+
|  EXPLOITATION SCOREBOARD (Net BB/100 Matrix):                                          |
|  [Winner \ Loser] | Hero  | S1    | S2    | S3    | S4    | S5    |                    |
|  Hero (Main)      |   -   | -37.8 |  +0.4 | +15.1 | +10.7 | -36.3 |                    |
|  Opp 1 (Maniac)   | +37.8 |   -   |  +2.6 | -23.0 | -73.7 | -44.7 |                    |
|  Opp 2 (Nit)      |  -0.4 |  -2.6 |   -   |  -0.1 |  -0.1 |  -0.1 |                    |
|  Opp 3 (Sticky)   | -15.1 | +23.0 |  +0.1 |   -   |  -0.1 |  +1.6 |                    |
|  Opp 4 (Past Self) | -10.7 | +73.7 |  +0.1 |  +0.1 |   -   |  +2.2 |                    |
|  Opp 5 (TAG Bot)  | +36.3 | +44.7 |  +0.1 |  -1.6 |  -2.2 |   -   |                    |
+----------------------------------------------------------------------------------------+
|  Action Entropy:       0.7855                                                        |
+----------------------------------------------------------------------------------------------------------+
|  Equity Matrix     | Fold  | Call  | Raise | RR   | All-In | Avg End Street | Net Chips | Won    | Lost  |
+----------------------------------------------------------------------------------------------------------+
|  <20% (Pure Air)   | 96.0% |  2.3% |  0.0% |  0.8% |  0.8%  |      0.1       | -8165.5   |   +385 |  -8551 |
|  20-40% (Draws)    | 88.1% |  7.2% |  0.1% |  2.7% |  1.9%  |      0.1       | -15063.7   |  +7686 | -22749 |
|  40-60% (Marginal) | 21.4% | 25.8% |  1.6% | 29.0% | 22.2%  |      0.3       | -18079.8   | +15106 | -33185 |
|  60-80% (Strong)   |  3.6% | 12.7% |  1.8% | 34.5% | 47.3%  |      0.6       | -5901.6   | +28002 | -33903 |
|  >80% (Nuts)       |  0.0% |  8.2% | 12.2% | 18.4% | 61.2%  |      1.6       | +37730.4   | +40390 |  -2660 |
+----------------------------------------------------------------------------------------------------------+
|  Train Loss:          14.2170  |  Val Loss:  14.6980                                |
|  Loss Q: 13.6803 | Bluff: 0.0177 | Str: 0.0183 | Eq: 0.0177                 |
+========================================================================================+
+========================================================================================+
|  SELF-PLAY V8 MULTI-PERSONALITY LEAGUE SYSTEM (RTX 4080 GPU)                           |
+========================================================================================+
|  Active Personality: MAIN                                                               |
|  Hands Simulated:       198,832 /    200,000   ( 99.4%)                            |
|  Training Epoch:        6                                                              |
|  Bootstrap Alpha:      0.00                                                            |
|  Curriculum Stage:   Phase 5: Focus Rounds                                         |
|  Elapsed Time:       2m 44s                                                           |
|  Sim Speed:              23 hands/sec                                                 |
|  ETA:                50s                                                              |
|  Training Samples:        3,832                                                        |
+----------------------------------------------------------------------------------------+
|  CUMULATIVE PERFORMANCE BY SEAT:                                                       |
|  - Seat 0 Hero (Main)     :  +14.5 BB/100 (VPIP:30.5% AGG:41.3%) [R:1447  F:2759  AI:260 ]|
|  - Seat 1 Opp 1 (Maniac)  : -163.8 BB/100 (VPIP:41.0% AGG:49.0%) [R:9825  F:5637  AI:1654]|
|  - Seat 2 Opp 2 (Nit)     :  +12.8 BB/100 (VPIP:22.6% AGG:33.9%) [R:65    F:832   AI:9   ]|
|  - Seat 3 Opp 3 (Sticky)  :   +9.5 BB/100 (VPIP:36.7% AGG:29.9%) [R:60    F:244   AI:21  ]|
|  - Seat 4 Opp 4 (Past Self):  +60.7 BB/100 (VPIP:28.7% AGG:49.3%) [R:533   F:831   AI:105 ]|
|  - Seat 5 Opp 5 (TAG Bot) :  +66.4 BB/100 (VPIP:25.7% AGG:48.1%) [R:434   F:1100  AI:75  ]|
+----------------------------------------------------------------------------------------+
|  Global Post-Flop Avg Active Players: 2.16                                             |
+----------------------------------------------------------------------------------------+
|  EXPLOITATION SCOREBOARD (Net BB/100 Matrix):                                          |
|  [Winner \ Loser] | Hero  | S1    | S2    | S3    | S4    | S5    |                    |
|  Hero (Main)      |   -   | +14.2 |  +0.4 |  +6.2 |  +9.0 | -15.3 |                    |
|  Opp 1 (Maniac)   | -14.2 |   -   | -13.4 | -14.2 | -61.3 | -60.7 |                    |
|  Opp 2 (Nit)      |  -0.4 | +13.4 |   -   |  -0.1 |  -0.0 |  -0.0 |                    |
|  Opp 3 (Sticky)   |  -6.2 | +14.2 |  +0.1 |   -   |  +0.6 |  +0.8 |                    |
|  Opp 4 (Past Self) |  -9.0 | +61.3 |  +0.0 |  -0.6 |   -   |  +8.9 |                    |
|  Opp 5 (TAG Bot)  | +15.3 | +60.7 |  +0.0 |  -0.8 |  -8.9 |   -   |                    |
+----------------------------------------------------------------------------------------+
|  Action Entropy:       0.7417                                                        |
+----------------------------------------------------------------------------------------------------------+
|  Equity Matrix     | Fold  | Call  | Raise | RR   | All-In | Avg End Street | Net Chips | Won    | Lost  |
+----------------------------------------------------------------------------------------------------------+
|  <20% (Pure Air)   | 93.3% |  5.0% |  0.2% |  0.4% |  1.0%  |      0.2       | -22153.5   |  +1273 | -23427 |
|  20-40% (Draws)    | 84.3% | 12.1% |  0.2% |  1.6% |  1.8%  |      0.1       | -18606.1   | +21119 | -39725 |
|  40-60% (Marginal) | 21.4% | 41.2% |  1.4% | 20.0% | 15.9%  |      0.5       | -26189.6   | +24968 | -51158 |
|  60-80% (Strong)   |  3.8% | 28.3% |  2.4% | 27.4% | 38.2%  |      0.9       | +5120.3   | +51888 | -46768 |
|  >80% (Nuts)       |  1.6% | 31.2% |  8.8% | 12.8% | 45.6%  |      2.0       | +66692.0   | +76099 |  -9407 |
+----------------------------------------------------------------------------------------------------------+
|  Train Loss:          10.8943  |  Val Loss:  11.1466                                |
|  Loss Q: 9.9933 | Bluff: 0.0432 | Str: 0.0245 | Eq: 0.0225                 |
+========================================================================================+
+========================================================================================+
|  SELF-PLAY V8 MULTI-PERSONALITY LEAGUE SYSTEM (RTX 4080 GPU)                           |
+========================================================================================+
|  Active Personality: MAIN                                                               |
|  Hands Simulated:       199,871 /    200,000   ( 99.9%)                            |
|  Training Epoch:        9                                                              |
|  Bootstrap Alpha:      0.00                                                            |
|  Curriculum Stage:   Phase 5: Focus Rounds                                         |
|  Elapsed Time:       3m 29s                                                           |
|  Sim Speed:              23 hands/sec                                                 |
|  ETA:                5s                                                               |
|  Training Samples:        4,871                                                        |
+----------------------------------------------------------------------------------------+
|  CUMULATIVE PERFORMANCE BY SEAT:                                                       |
|  - Seat 0 Hero (Main)     :  +25.3 BB/100 (VPIP:33.7% AGG:41.1%) [R:1995  F:3331  AI:313 ]|
|  - Seat 1 Opp 1 (Maniac)  : -143.7 BB/100 (VPIP:45.1% AGG:55.0%) [R:9998  F:5714  AI:1675]|
|  - Seat 2 Opp 2 (Nit)     :  +21.6 BB/100 (VPIP:21.0% AGG:31.9%) [R:372   F:3589  AI:36  ]|
|  - Seat 3 Opp 3 (Sticky)  :   +3.9 BB/100 (VPIP:40.0% AGG:27.3%) [R:81    F:314   AI:27  ]|
|  - Seat 4 Opp 4 (Past Self):  +36.6 BB/100 (VPIP:30.9% AGG:53.0%) [R:711   F:999   AI:132 ]|
|  - Seat 5 Opp 5 (TAG Bot) :  +56.3 BB/100 (VPIP:26.1% AGG:49.4%) [R:590   F:1376  AI:96  ]|
+----------------------------------------------------------------------------------------+
|  Global Post-Flop Avg Active Players: 2.03                                             |
+----------------------------------------------------------------------------------------+
|  EXPLOITATION SCOREBOARD (Net BB/100 Matrix):                                          |
|  [Winner \ Loser] | Hero  | S1    | S2    | S3    | S4    | S5    |                    |
|  Hero (Main)      |   -   | +16.3 |  +0.2 |  +7.8 | +16.3 | -15.2 |                    |
|  Opp 1 (Maniac)   | -16.3 |   -   | -17.5 | -10.2 | -47.9 | -51.9 |                    |
|  Opp 2 (Nit)      |  -0.2 | +17.5 |   -   |  +0.0 |  +2.4 |  +1.9 |                    |
|  Opp 3 (Sticky)   |  -7.8 | +10.2 |  -0.0 |   -   |  +1.4 |  +0.0 |                    |
|  Opp 4 (Past Self) | -16.3 | +47.9 |  -2.4 |  -1.4 |   -   |  +8.8 |                    |
|  Opp 5 (TAG Bot)  | +15.2 | +51.9 |  -1.9 |  -0.0 |  -8.8 |   -   |                    |
+----------------------------------------------------------------------------------------+
|  Action Entropy:       0.7671                                                        |
+----------------------------------------------------------------------------------------------------------+
|  Equity Matrix     | Fold  | Call  | Raise | RR   | All-In | Avg End Street | Net Chips | Won    | Lost  |
+----------------------------------------------------------------------------------------------------------+
|  <20% (Pure Air)   | 92.4% |  5.8% |  0.2% |  0.7% |  0.9%  |      0.2       | -24544.9   |  +1428 | -25973 |
|  20-40% (Draws)    | 80.9% | 12.7% |  0.3% |  4.4% |  1.7%  |      0.1       | -19677.6   | +22973 | -42651 |
|  40-60% (Marginal) | 22.4% | 36.9% |  1.9% | 26.0% | 12.7%  |      0.4       | -24865.6   | +31798 | -56664 |
|  60-80% (Strong)   |  3.7% | 26.8% |  5.0% | 31.8% | 32.8%  |      0.9       | +5035.1   | +61714 | -56679 |
|  >80% (Nuts)       |  1.2% | 30.4% | 10.6% | 12.4% | 45.3%  |      2.0       | +75200.3   | +88790 | -13590 |
+----------------------------------------------------------------------------------------------------------+
|  Train Loss:           8.2913  |  Val Loss:   9.9249                                |
|  Loss Q: 7.5570 | Bluff: 0.0331 | Str: 0.0221 | Eq: 0.0183                 |
+========================================================================================+
+========================================================================================+
|  SELF-PLAY V8 MULTI-PERSONALITY LEAGUE SYSTEM (RTX 4080 GPU)                           |
+========================================================================================+
|  Active Personality: MAIN                                                               |
|  Hands Simulated:       199,988 /    200,000   (100.0%)                            |
|  Training Epoch:       12                                                              |
|  Bootstrap Alpha:      0.00                                                            |
|  Curriculum Stage:   Phase 5: Focus Rounds                                         |
|  Elapsed Time:       3m 33s                                                           |
|  Sim Speed:              23 hands/sec                                                 |
|  ETA:                0s                                                               |
|  Training Samples:        4,988                                                        |
+----------------------------------------------------------------------------------------+
|  CUMULATIVE PERFORMANCE BY SEAT:                                                       |
|  - Seat 0 Hero (Main)     :  +23.6 BB/100 (VPIP:35.0% AGG:43.8%) [R:2069  F:3407  AI:316 ]|
|  - Seat 1 Opp 1 (Maniac)  : -144.3 BB/100 (VPIP:45.4% AGG:59.0%) [R:10005 F:5723  AI:1676]|
|  - Seat 2 Opp 2 (Nit)     :  +20.9 BB/100 (VPIP:18.0% AGG:31.9%) [R:372   F:3622  AI:36  ]|
|  - Seat 3 Opp 3 (Sticky)  :   +8.5 BB/100 (VPIP:42.2% AGG:24.9%) [R:133   F:479   AI:34  ]|
|  - Seat 4 Opp 4 (Past Self):  +37.9 BB/100 (VPIP:32.9% AGG:56.9%) [R:736   F:1018  AI:133 ]|
|  - Seat 5 Opp 5 (TAG Bot) :  +53.5 BB/100 (VPIP:22.6% AGG:59.6%) [R:595   F:1408  AI:96  ]|
+----------------------------------------------------------------------------------------+
|  Global Post-Flop Avg Active Players: 2.03                                             |
+----------------------------------------------------------------------------------------+
|  EXPLOITATION SCOREBOARD (Net BB/100 Matrix):                                          |
|  [Winner \ Loser] | Hero  | S1    | S2    | S3    | S4    | S5    |                    |
|  Hero (Main)      |   -   | +16.1 |  +0.3 |  +6.7 | +15.3 | -14.8 |                    |
|  Opp 1 (Maniac)   | -16.1 |   -   | -17.1 | -13.7 | -46.8 | -50.7 |                    |
|  Opp 2 (Nit)      |  -0.3 | +17.1 |   -   |  -0.1 |  +2.4 |  +1.9 |                    |
|  Opp 3 (Sticky)   |  -6.7 | +13.7 |  +0.1 |   -   |  -0.1 |  +1.5 |                    |
|  Opp 4 (Past Self) | -15.3 | +46.8 |  -2.4 |  +0.1 |   -   |  +8.6 |                    |
|  Opp 5 (TAG Bot)  | +14.8 | +50.7 |  -1.9 |  -1.5 |  -8.6 |   -   |                    |
+----------------------------------------------------------------------------------------+
|  Action Entropy:       0.7812                                                        |
+----------------------------------------------------------------------------------------------------------+
|  Equity Matrix     | Fold  | Call  | Raise | RR   | All-In | Avg End Street | Net Chips | Won    | Lost  |
+----------------------------------------------------------------------------------------------------------+
|  <20% (Pure Air)   | 92.3% |  5.7% |  0.2% |  0.8% |  1.0%  |      0.2       | -25055.9   |  +1428 | -26484 |
|  20-40% (Draws)    | 80.7% | 12.5% |  0.4% |  4.8% |  1.7%  |      0.1       | -20103.2   | +23595 | -43699 |
|  40-60% (Marginal) | 22.6% | 36.6% |  2.0% | 26.3% | 12.5%  |      0.4       | -24854.0   | +32076 | -56930 |
|  60-80% (Strong)   |  3.9% | 26.3% |  5.6% | 31.9% | 32.2%  |      0.9       | +4995.6   | +62128 | -57133 |
|  >80% (Nuts)       |  1.2% | 30.9% | 10.9% | 12.7% | 44.2%  |      2.0       | +75664.7   | +89254 | -13590 |
+----------------------------------------------------------------------------------------------------------+
|  Train Loss:           7.2811  |  Val Loss:  11.5263                                |
|  Loss Q: 6.0699 | Bluff: 0.0658 | Str: 0.0388 | Eq: 0.0164                 |
+========================================================================================+
+========================================================================================+
|  SELF-PLAY V8 MULTI-PERSONALITY LEAGUE SYSTEM (RTX 4080 GPU)                           |
+========================================================================================+
|  Active Personality: MAIN                                                               |
|  Hands Simulated:       199,996 /    200,000   (100.0%)                            |
|  Training Epoch:       15                                                              |
|  Bootstrap Alpha:      0.00                                                            |
|  Curriculum Stage:   Phase 5: Focus Rounds                                         |
|  Elapsed Time:       3m 34s                                                           |
|  Sim Speed:              23 hands/sec                                                 |
|  ETA:                0s                                                               |
|  Training Samples:        4,996                                                        |
+----------------------------------------------------------------------------------------+
|  CUMULATIVE PERFORMANCE BY SEAT:                                                       |
|  - Seat 0 Hero (Main)     :  +23.6 BB/100 (VPIP:43.0% AGG:48.4%) [R:2081  F:3411  AI:319 ]|
|  - Seat 1 Opp 1 (Maniac)  : -143.6 BB/100 (VPIP:49.1% AGG:61.5%) [R:10033 F:5734  AI:1684]|
|  - Seat 2 Opp 2 (Nit)     :  +20.8 BB/100 (VPIP:14.4% AGG:31.9%) [R:372   F:3625  AI:36  ]|
|  - Seat 3 Opp 3 (Sticky)  :   +8.5 BB/100 (VPIP:42.2% AGG:24.9%) [R:133   F:479   AI:34  ]|
|  - Seat 4 Opp 4 (Past Self):  +37.4 BB/100 (VPIP:46.3% AGG:56.9%) [R:740   F:1018  AI:134 ]|
|  - Seat 5 Opp 5 (TAG Bot) :  +53.3 BB/100 (VPIP:18.1% AGG:59.6%) [R:595   F:1412  AI:96  ]|
+----------------------------------------------------------------------------------------+
|  Global Post-Flop Avg Active Players: 2.03                                             |
+----------------------------------------------------------------------------------------+
|  EXPLOITATION SCOREBOARD (Net BB/100 Matrix):                                          |
|  [Winner \ Loser] | Hero  | S1    | S2    | S3    | S4    | S5    |                    |
|  Hero (Main)      |   -   | +15.8 |  +0.3 |  +6.7 | +15.5 | -14.8 |                    |
|  Opp 1 (Maniac)   | -15.8 |   -   | -17.0 | -13.6 | -46.5 | -50.6 |                    |
|  Opp 2 (Nit)      |  -0.3 | +17.0 |   -   |  -0.1 |  +2.3 |  +1.9 |                    |
|  Opp 3 (Sticky)   |  -6.7 | +13.6 |  +0.1 |   -   |  -0.1 |  +1.5 |                    |
|  Opp 4 (Past Self) | -15.5 | +46.5 |  -2.3 |  +0.1 |   -   |  +8.6 |                    |
|  Opp 5 (TAG Bot)  | +14.8 | +50.6 |  -1.9 |  -1.5 |  -8.6 |   -   |                    |
+----------------------------------------------------------------------------------------+
|  Action Entropy:       0.7907                                                        |
+----------------------------------------------------------------------------------------------------------+
|  Equity Matrix     | Fold  | Call  | Raise | RR   | All-In | Avg End Street | Net Chips | Won    | Lost  |
+----------------------------------------------------------------------------------------------------------+
|  <20% (Pure Air)   | 92.3% |  5.7% |  0.2% |  0.8% |  1.0%  |      0.2       | -25055.9   |  +1428 | -26484 |
|  20-40% (Draws)    | 80.6% | 12.5% |  0.4% |  4.8% |  1.8%  |      0.1       | -20713.2   | +23695 | -44409 |
|  40-60% (Marginal) | 22.7% | 36.5% |  2.0% | 26.3% | 12.4%  |      0.4       | -24877.8   | +32076 | -56954 |
|  60-80% (Strong)   |  3.9% | 26.6% |  5.6% | 31.8% | 32.1%  |      0.9       | +5117.3   | +62250 | -57133 |
|  >80% (Nuts)       |  1.2% | 30.7% | 10.8% | 12.7% | 44.6%  |      2.0       | +76184.7   | +89774 | -13590 |
+----------------------------------------------------------------------------------------------------------+
|  Train Loss:          26.9872  |  Val Loss:   3.0916                                |
|  Loss Q: 26.4934 | Bluff: 0.0007 | Str: 0.0094 | Eq: 0.0392                 |
+========================================================================================+
+========================================================================================+
|  SELF-PLAY V8 MULTI-PERSONALITY LEAGUE SYSTEM (RTX 4080 GPU)                           |
+========================================================================================+
|  Active Personality: MAIN                                                               |
|  Hands Simulated:       200,004 /    200,000   (100.0%)                            |
|  Training Epoch:       18                                                              |
|  Bootstrap Alpha:      0.00                                                            |
|  Curriculum Stage:   Phase 5: Focus Rounds                                         |
|  Elapsed Time:       3m 34s                                                           |
|  Sim Speed:              23 hands/sec                                                 |
|  ETA:                59m 59s                                                          |
|  Training Samples:        5,004                                                        |
+----------------------------------------------------------------------------------------+
|  CUMULATIVE PERFORMANCE BY SEAT:                                                       |
|  - Seat 0 Hero (Main)     :  +18.0 BB/100 (VPIP:51.9% AGG:48.4%) [R:2096  F:3413  AI:323 ]|
|  - Seat 1 Opp 1 (Maniac)  : -137.7 BB/100 (VPIP:53.5% AGG:61.5%) [R:10058 F:5746  AI:1693]|
|  - Seat 2 Opp 2 (Nit)     :  +20.7 BB/100 (VPIP:11.5% AGG:31.9%) [R:372   F:3629  AI:36  ]|
|  - Seat 3 Opp 3 (Sticky)  :   +8.4 BB/100 (VPIP:33.7% AGG:24.9%) [R:133   F:480   AI:34  ]|
|  - Seat 4 Opp 4 (Past Self):  +37.3 BB/100 (VPIP:37.0% AGG:56.9%) [R:740   F:1022  AI:134 ]|
|  - Seat 5 Opp 5 (TAG Bot) :  +53.2 BB/100 (VPIP:14.5% AGG:59.6%) [R:595   F:1413  AI:96  ]|
+----------------------------------------------------------------------------------------+
|  Global Post-Flop Avg Active Players: 2.03                                             |
+----------------------------------------------------------------------------------------+
|  EXPLOITATION SCOREBOARD (Net BB/100 Matrix):                                          |
|  [Winner \ Loser] | Hero  | S1    | S2    | S3    | S4    | S5    |                    |
|  Hero (Main)      |   -   | +10.3 |  +0.3 |  +6.7 | +15.4 | -14.7 |                    |
|  Opp 1 (Maniac)   | -10.3 |   -   | -17.0 | -13.6 | -46.4 | -50.5 |                    |
|  Opp 2 (Nit)      |  -0.3 | +17.0 |   -   |  -0.1 |  +2.3 |  +1.9 |                    |
|  Opp 3 (Sticky)   |  -6.7 | +13.6 |  +0.1 |   -   |  -0.1 |  +1.5 |                    |
|  Opp 4 (Past Self) | -15.4 | +46.4 |  -2.3 |  +0.1 |   -   |  +8.5 |                    |
|  Opp 5 (TAG Bot)  | +14.7 | +50.5 |  -1.9 |  -1.5 |  -8.5 |   -   |                    |
+----------------------------------------------------------------------------------------+
|  Action Entropy:       0.7848                                                        |
+----------------------------------------------------------------------------------------------------------+
|  Equity Matrix     | Fold  | Call  | Raise | RR   | All-In | Avg End Street | Net Chips | Won    | Lost  |
+----------------------------------------------------------------------------------------------------------+
|  <20% (Pure Air)   | 92.3% |  5.7% |  0.2% |  0.9% |  1.0%  |      0.2       | -25085.9   |  +1428 | -26514 |
|  20-40% (Draws)    | 80.4% | 12.4% |  0.4% |  4.8% |  1.9%  |      0.1       | -23442.8   | +23695 | -47138 |
|  40-60% (Marginal) | 22.7% | 36.5% |  2.0% | 26.3% | 12.4%  |      0.4       | -24877.8   | +32076 | -56954 |
|  60-80% (Strong)   |  3.9% | 26.6% |  5.6% | 31.8% | 32.1%  |      0.9       | +5117.3   | +62250 | -57133 |
|  >80% (Nuts)       |  1.2% | 30.7% | 10.8% | 12.7% | 44.6%  |      2.0       | +76184.7   | +89774 | -13590 |
+----------------------------------------------------------------------------------------------------------+
|  Train Loss:          20.7781  |  Val Loss:   7.5174                                |
|  Loss Q: 20.4745 | Bluff: 0.0001 | Str: 0.0130 | Eq: 0.0172                 |
+========================================================================================+

Training completed successfully! Saved final weights to: C:\REPO\Antigravity\AIPoker\core\weights\expert_v11_main.pth
