  Opponent Pool:
    fish     weight=0.25  heuristic archetype
    maniac   weight=0.15  heuristic archetype
    nit      weight=0.2   FROZEN frozen_v15.pth (forced=False)
    tag      weight=0.2   FROZEN frozen_v16.pth (forced=False)
    past     weight=0.2   lagged self-play mirror
  Live Players:    6  (Hero + 5 opponents)
  Focus rounds:    DISABLED
  Extreme stacks:  DISABLED (flat moderate band)
  Stack depth mix: [[5, 14, 0.55], [14, 30, 0.3], [30, 50, 0.15]] (V15 DoN-shaped per-hand bands)
  Aux loss weight: 0.0  (aux heads OFF)
  Target shaping:  preflop tightness prior OFF (counterfactual weight always ON, V17)
  Target clip:     40.0 bb
  Actor sharpen:   target_temp=1.0  entropy_penalty=0.0
  Policy target:   counterfactual  (actor regresses toward this action-value source)
  Policy tightness:2.0 bb (realization discount below eq 0.45)
  Range-aware eq:  ON (hero equity vs opp VPIP-color ranges)
  Bootstrap:       enabled   Exploration: enabled
  Checkpoint dump: every 25,000 hands (restore points in weights/checkpoints/)
============================================================
  SELF-PLAY RL TRAINING SYSTEM (PLURIBUS V8)
============================================================
  Target Hands:    300
  Personality:     MAIN
  Sim Batch Size:  2,000
  Epochs/Batch:    3
  Learning Rate:   0.001
  Save File Name:  expert_main.pth
============================================================
WARNING: V7 baseline weights not found. Initializing random weights.

Launching simulation batch workers...
  Building preflop range ranking (range-aware equity)...
+========================================================================================+
|  SELF-PLAY V8 MULTI-PERSONALITY LEAGUE SYSTEM (RTX 4080 GPU)                           |
+========================================================================================+
|  Active Personality: MAIN                                                               |
|  Hands Simulated:           283 /        300   ( 94.3%)                            |
|  Training Epoch:        3                                                              |
|  Bootstrap Alpha:      1.00                                                            |
|  Curriculum Stage:   Phase 1: 100BB Static                                         |
|  Elapsed Time:       9s                                                               |
|  Sim Speed:              30 hands/sec                                                 |
|  ETA:                0s                                                               |
|  Training Samples:          283                                                        |
+----------------------------------------------------------------------------------------+
|  CUMULATIVE PERFORMANCE BY SEAT:                                                       |
|  - Seat 0 Hero (Main)                       :  -26.4 BB/100 (VPIP:31.4% AGG:46.9%) [R:84    F:204   AI:21  ]|
|  - Seat 1 Opp 1: LAG (Heuristic)            :  +14.2 BB/100 (VPIP:32.2% AGG:80.0%) [R:151   F:185   AI:41  ]|
|  - Seat 2 Opp 2: V15 (NN)                   :   -5.6 BB/100 (VPIP:15.0% AGG:74.2%) [R:62    F:240   AI:17  ]|
|  - Seat 3 Opp 3: Calling Station (Heuristic):  +23.0 BB/100 (VPIP:35.2% AGG:18.0%) [R:56    F:183   AI:25  ]|
|  - Seat 4 Opp 4: Lagged-Self (NN)           :  +11.5 BB/100 (VPIP:17.4% AGG:63.3%) [R:74    F:235   AI:20  ]|
|  - Seat 5 Opp 5: V16 (NN)                   :  -16.7 BB/100 (VPIP:20.2% AGG:77.8%) [R:88    F:230   AI:22  ]|
+----------------------------------------------------------------------------------------+
|  Global Post-Flop Avg Active Players: 1.80                                             |
+----------------------------------------------------------------------------------------+
|  EXPLOITATION SCOREBOARD (Net BB/100 Matrix):                                          |
|  [Winner \ Loser] | Hero  | S1    | S2    | S3    | S4    | S5    |                    |
|  Hero (Main)      |   -   |  -4.9 |  -1.9 | -18.0 |  -6.4 |  +4.7 |                    |
|  Opp 1: LAG (Heuristic) |  +4.9 |   -   |  +8.7 |  +1.9 | -11.7 | +10.5 |                    |
|  Opp 2: V15 (NN)  |  +1.9 |  -8.7 |   -   |  -5.8 |  -1.5 |  +8.6 |                    |
|  Opp 3: Calling Station (Heuristic) | +18.0 |  -1.9 |  +5.8 |   -   |  +6.8 |  -5.8 |                    |
|  Opp 4: Lagged-Self (NN) |  +6.4 | +11.7 |  +1.5 |  -6.8 |   -   |  -1.3 |                    |
|  Opp 5: V16 (NN)  |  -4.7 | -10.5 |  -8.6 |  +5.8 |  +1.3 |   -   |                    |
+----------------------------------------------------------------------------------------+
|  Action Entropy:       1.7858                                                        |
+------------------------------------------------------------------------------------------------------------------------+
|  Equity Matrix (FACING A BET ONLY -- free checks tallied separately, see Free col)                                    |
|  Equity Bucket     | Fold  | Call  | r33   | r66   | rPot  | All-In | N Hands | Free  | Avg St | Net Chips | Won    | Lost  |
+------------------------------------------------------------------------------------------------------------------------+
|  <20% (Pure Air)   | 100.0% |  0.0% |  0.0% |  0.0% |  0.0% |  0.0%  |      10 |     3 |   0.5  |  -101.2   |     +0 |   -101 |
|  20-40% (Draws)    | 93.5% |  3.2% |  0.0% |  1.6% |  0.5% |  1.1%  |     186 |     3 |   0.0  |  -570.0   |   +258 |   -828 |
|  40-60% (Marginal) | 33.9% | 44.1% |  1.7% |  0.0% | 15.3% |  5.1%  |      59 |     3 |   0.2  |   +65.6   |   +630 |   -564 |
|  60-80% (Strong)   |  0.0% |  9.1% |  0.0% |  0.0% | 27.3% | 63.6%  |      11 |     3 |   0.5  |  -573.8   |   +471 |  -1045 |
|  >80% (Nuts)       |  0.0% |  0.0% |  0.0% |  0.0% | 50.0% | 50.0%  |       4 |     1 |   1.2  |  +342.5   |   +342 |     +0 |
+------------------------------------------------------------------------------------------------------------------------+
|  ACTION USAGE (all decisions) | Fold 56.2% | Call 20.7% | r33  1.4% | r66  0.8% | rPot 20.1% | All-In  0.8% |
|  ALL-IN WinRate 46.7% (n=15) | JAM by Opp-Color: Blue  0.6% Green  5.0% Yellow 19.4% Red  8.3% |
+------------------------------------------------------------------------------------------------------------------------+
|  Train Loss:           6.0946  |  Val Loss:   5.2880                                |
|  Loss Q: 4.3110 | Pi: 1.7836 | Bluff: 0.3957 | Str: 0.2182 | Eq: 0.4262        |
+========================================================================================+
+========================================================================================+
|  SELF-PLAY V8 MULTI-PERSONALITY LEAGUE SYSTEM (RTX 4080 GPU)                           |
+========================================================================================+
|  Active Personality: MAIN                                                               |
|  Hands Simulated:           299 /        300   ( 99.7%)                            |
|  Training Epoch:        6                                                              |
|  Bootstrap Alpha:      1.00                                                            |
|  Curriculum Stage:   Phase 1: 100BB Static                                         |
|  Elapsed Time:       10s                                                              |
|  Sim Speed:              29 hands/sec                                                 |
|  ETA:                0s                                                               |
|  Training Samples:          299                                                        |
+----------------------------------------------------------------------------------------+
|  CUMULATIVE PERFORMANCE BY SEAT:                                                       |
|  - Seat 0 Hero (Main)                       :  -27.2 BB/100 (VPIP:30.8% AGG:46.9%) [R:89    F:217   AI:23  ]|
|  - Seat 1 Opp 1: LAG (Heuristic)            :  +16.8 BB/100 (VPIP:31.9% AGG:79.0%) [R:160   F:196   AI:44  ]|
|  - Seat 2 Opp 2: V15 (NN)                   :   +0.8 BB/100 (VPIP:15.0% AGG:73.9%) [R:64    F:252   AI:18  ]|
|  - Seat 3 Opp 3: Calling Station (Heuristic):  +19.5 BB/100 (VPIP:35.2% AGG:17.3%) [R:57    F:192   AI:25  ]|
|  - Seat 4 Opp 4: Lagged-Self (NN)           :  +12.5 BB/100 (VPIP:17.2% AGG:63.4%) [R:80    F:248   AI:21  ]|
|  - Seat 5 Opp 5: V16 (NN)                   :  -22.4 BB/100 (VPIP:20.5% AGG:77.6%) [R:94    F:241   AI:23  ]|
+----------------------------------------------------------------------------------------+
|  Global Post-Flop Avg Active Players: 1.80                                             |
+----------------------------------------------------------------------------------------+
|  EXPLOITATION SCOREBOARD (Net BB/100 Matrix):                                          |
|  [Winner \ Loser] | Hero  | S1    | S2    | S3    | S4    | S5    |                    |
|  Hero (Main)      |   -   |  -8.9 |  -1.4 | -17.2 |  -6.1 |  +6.5 |                    |
|  Opp 1: LAG (Heuristic) |  +8.9 |   -   |  +1.2 |  +1.8 |  -9.1 | +14.0 |                    |
|  Opp 2: V15 (NN)  |  +1.4 |  -1.2 |   -   |  -6.2 |  -1.4 |  +8.1 |                    |
|  Opp 3: Calling Station (Heuristic) | +17.2 |  -1.8 |  +6.2 |   -   |  +2.4 |  -4.6 |                    |
|  Opp 4: Lagged-Self (NN) |  +6.1 |  +9.1 |  +1.4 |  -2.4 |   -   |  -1.6 |                    |
|  Opp 5: V16 (NN)  |  -6.5 | -14.0 |  -8.1 |  +4.6 |  +1.6 |   -   |                    |
+----------------------------------------------------------------------------------------+
|  Action Entropy:       1.7801                                                        |
+------------------------------------------------------------------------------------------------------------------------+
|  Equity Matrix (FACING A BET ONLY -- free checks tallied separately, see Free col)                                    |
|  Equity Bucket     | Fold  | Call  | r33   | r66   | rPot  | All-In | N Hands | Free  | Avg St | Net Chips | Won    | Lost  |
+------------------------------------------------------------------------------------------------------------------------+
|  <20% (Pure Air)   | 100.0% |  0.0% |  0.0% |  0.0% |  0.0% |  0.0%  |      10 |     3 |   0.5  |  -101.2   |     +0 |   -101 |
|  20-40% (Draws)    | 94.0% |  3.0% |  0.0% |  1.5% |  0.5% |  1.0%  |     199 |     3 |   0.0  |  -585.0   |   +258 |   -842 |
|  40-60% (Marginal) | 33.9% | 44.1% |  1.7% |  0.0% | 15.3% |  5.1%  |      59 |     3 |   0.2  |   +65.6   |   +630 |   -564 |
|  60-80% (Strong)   |  0.0% |  7.1% |  0.0% |  0.0% | 28.6% | 64.3%  |      14 |     3 |   0.4  |  -623.8   |   +551 |  -1175 |
|  >80% (Nuts)       |  0.0% |  0.0% |  0.0% |  0.0% | 50.0% | 50.0%  |       4 |     1 |   1.2  |  +342.5   |   +342 |     +0 |
+------------------------------------------------------------------------------------------------------------------------+
|  ACTION USAGE (all decisions) | Fold 57.0% | Call 19.7% | r33  1.3% | r66  0.8% | rPot 20.5% | All-In  0.8% |
|  ALL-IN WinRate 47.1% (n=17) | JAM by Opp-Color: Blue  0.5% Green  5.7% Yellow 20.3% Red  8.1% |
+------------------------------------------------------------------------------------------------------------------------+
|  Train Loss:           4.7508  |  Val Loss:   2.9614                                |
|  Loss Q: 3.0136 | Pi: 1.7372 | Bluff: 0.5071 | Str: 0.3777 | Eq: 0.4138        |
+========================================================================================+
+========================================================================================+
|  SELF-PLAY V8 MULTI-PERSONALITY LEAGUE SYSTEM (RTX 4080 GPU)                           |
+========================================================================================+
|  Active Personality: MAIN                                                               |
|  Hands Simulated:           307 /        300   (102.3%)                            |
|  Training Epoch:        9                                                              |
|  Bootstrap Alpha:      1.00                                                            |
|  Curriculum Stage:   Phase 1: 100BB Static                                         |
|  Elapsed Time:       10s                                                              |
|  Sim Speed:              29 hands/sec                                                 |
|  ETA:                59m 59s                                                          |
|  Training Samples:          307                                                        |
+----------------------------------------------------------------------------------------+
|  CUMULATIVE PERFORMANCE BY SEAT:                                                       |
|  - Seat 0 Hero (Main)                       :  -26.8 BB/100 (VPIP:30.0% AGG:46.9%) [R:89    F:225   AI:23  ]|
|  - Seat 1 Opp 1: LAG (Heuristic)            :   +2.5 BB/100 (VPIP:32.1% AGG:79.1%) [R:167   F:201   AI:46  ]|
|  - Seat 2 Opp 2: V15 (NN)                   :   -0.2 BB/100 (VPIP:14.9% AGG:72.9%) [R:64    F:260   AI:18  ]|
|  - Seat 3 Opp 3: Calling Station (Heuristic):  +19.6 BB/100 (VPIP:35.3% AGG:17.8%) [R:60    F:197   AI:25  ]|
|  - Seat 4 Opp 4: Lagged-Self (NN)           :  +16.1 BB/100 (VPIP:17.2% AGG:62.8%) [R:83    F:253   AI:22  ]|
|  - Seat 5 Opp 5: V16 (NN)                   :  -11.2 BB/100 (VPIP:20.4% AGG:78.3%) [R:97    F:247   AI:24  ]|
+----------------------------------------------------------------------------------------+
|  Global Post-Flop Avg Active Players: 1.79                                             |
+----------------------------------------------------------------------------------------+
|  EXPLOITATION SCOREBOARD (Net BB/100 Matrix):                                          |
|  [Winner \ Loser] | Hero  | S1    | S2    | S3    | S4    | S5    |                    |
|  Hero (Main)      |   -   |  -8.7 |  -1.4 | -16.8 |  -6.2 |  +6.3 |                    |
|  Opp 1: LAG (Heuristic) |  +8.7 |   -   |  +1.5 |  +1.8 | -12.4 |  +3.0 |                    |
|  Opp 2: V15 (NN)  |  +1.4 |  -1.5 |   -   |  -6.7 |  -1.4 |  +7.9 |                    |
|  Opp 3: Calling Station (Heuristic) | +16.8 |  -1.8 |  +6.7 |   -   |  +2.4 |  -4.4 |                    |
|  Opp 4: Lagged-Self (NN) |  +6.2 | +12.4 |  +1.4 |  -2.4 |   -   |  -1.5 |                    |
|  Opp 5: V16 (NN)  |  -6.3 |  -3.0 |  -7.9 |  +4.4 |  +1.5 |   -   |                    |
+----------------------------------------------------------------------------------------+
|  Action Entropy:       1.7677                                                        |
+------------------------------------------------------------------------------------------------------------------------+
|  Equity Matrix (FACING A BET ONLY -- free checks tallied separately, see Free col)                                    |
|  Equity Bucket     | Fold  | Call  | r33   | r66   | rPot  | All-In | N Hands | Free  | Avg St | Net Chips | Won    | Lost  |
+------------------------------------------------------------------------------------------------------------------------+
|  <20% (Pure Air)   | 100.0% |  0.0% |  0.0% |  0.0% |  0.0% |  0.0%  |      10 |     3 |   0.5  |  -101.2   |     +0 |   -101 |
|  20-40% (Draws)    | 94.2% |  2.9% |  0.0% |  1.5% |  0.5% |  1.0%  |     206 |     3 |   0.0  |  -590.0   |   +258 |   -848 |
|  40-60% (Marginal) | 35.0% | 43.3% |  1.7% |  0.0% | 15.0% |  5.0%  |      60 |     3 |   0.1  |   +60.6   |   +630 |   -569 |
|  60-80% (Strong)   |  0.0% |  7.1% |  0.0% |  0.0% | 28.6% | 64.3%  |      14 |     3 |   0.4  |  -623.8   |   +551 |  -1175 |
|  >80% (Nuts)       |  0.0% |  0.0% |  0.0% |  0.0% | 50.0% | 50.0%  |       4 |     1 |   1.2  |  +342.5   |   +342 |     +0 |
+------------------------------------------------------------------------------------------------------------------------+
|  ACTION USAGE (all decisions) | Fold 57.8% | Call 19.3% | r33  1.3% | r66  0.8% | rPot 20.1% | All-In  0.8% |
|  ALL-IN WinRate 47.1% (n=17) | JAM by Opp-Color: Blue  0.5% Green  5.4% Yellow 20.3% Red  8.1% |
+------------------------------------------------------------------------------------------------------------------------+
|  Train Loss:           2.5008  |  Val Loss:   4.4623                                |
|  Loss Q: 0.9065 | Pi: 1.5943 | Bluff: 0.5313 | Str: 0.2562 | Eq: 0.3343        |
+========================================================================================+

Training completed successfully! Saved final weights to: C:\REPO\Antigravity\AIPoker\versions\v18\weights\expert_main.pth
