model_verify | version=v21 weights=expert_main.pth action_space=('fold', 'call', 'raise_33', 'raise_66', 'raise_pot', 'allin')
  check                        status detail
----------------------------------------------------------------------------------------------------
  equity_ablation_monotonic    PASS   P(fold) 1.00->0.00, P(aggressive) 0.00->0.88
  free_check_low_fold          WARN   max raw P(fold) when call_bb=0 across sweep: 1.000 (covered by decision.py's free-check mask, but worth tracking)
  air_folds_mostly             PASS   avg P(fold) at ~12% equity facing a real bet: 1.00  (per-stack [1.0, 1.0, 1.0, 1.0])
  nuts_aggressive_mostly       PASS   avg aggressive mass at ~92% equity: 0.88
  deep_stack_ood_guard         FAIL   [V14 P0 regression] deep-stack OOD trash-jam: eq=0.55 stack=15bb -> ALL-IN argmax @ 0.33
  short_stack_polarization     PASS   avg P(call) in clear shove-or-fold spots: 0.16
  action_diversity             PASS   argmax distribution across the equity x stack grid: {'fold': 9, 'allin': 10, 'raise_66': 2}
  no_nan_or_crash              PASS   4 edge cases: no NaN/crash
  hand_strength_sensitivity    PASS   avg policy shift (total variation) between hand_strength=0.15 vs 0.85 at fixed equity: 0.071
  equity_edge_sensitivity      PASS   avg policy shift (total variation) between low vs high equity_edge at fixed equity/field: 0.633
  stack_full_sweep             PASS   max action-probability range across the full stack sweep: 0.206  (argmax path: ['call', 'call', 'call', 'call', 'raise_66', 'raise_66', 'raise_66', 'raise_66', 'allin'])
  position_sweep               PASS   P(fold) across position 0-5: [0.13, 0.11, 0.11, 0.11, 0.09, 0.06] (spread 0.061)
  opponent_style_sweep         WARN   avg P(fold) spread across Blue->Red opponent archetypes (same bet, fixed equity): 0.004 -- fold rate barely moves with opponent style; per-opponent VPIP/AGG read may not be load-bearing
  hand_strength_sweep          PASS   max action-probability range across the hand_strength=0.1-0.9 sweep: 0.237
  equity_edge_sweep            PASS   max action-probability range across the equity_edge=0.4-3.2 sweep: 1.000
----------------------------------------------------------------------------------------------------
  vpip_adapts_to_style         PASS   short: tight=17.3% loose=30.2% (delta +12.9pts); deep: tight=16.8% loose=31.9% (delta +15.0pts)
  beats_offformula_stress      PASS   short: +24.0 BB/100 (VPIP 28%); deep: +46.7 BB/100 (VPIP 28%)
  bb100_vs_standard_fields     PASS   loose_short: +29.6 BB/100, no baseline recorded yet VPIP 35% | loose_deep: +86.4 BB/100, no baseline recorded yet VPIP 32% | tight_short: +31.1 BB/100, no baseline recorded yet VPIP 34% | tight_deep: +55.8 BB/100, no baseline recorded yet VPIP 32%
  beats_frozen_predecessor     PASS   vs field incl. frozen predecessor (frozen_v20_preflopEq_AI.pth): +46.3 BB/100 over 4000 hands
----------------------------------------------------------------------------------------------------
  16 PASS, 2 WARN, 1 FAIL, 0 SKIP
  raw results written to tools/model_verify/results/v21__expert_main.json
