  Opponent Pool:   ['nit', 'tag']  weights=[0.5, 0.5]
  Live Players:    3  (Hero + 2 opponents)
  Past-Self seat:  DISABLED
  Focus rounds:    DISABLED
  Extreme stacks:  DISABLED (flat moderate band)
  Fixed stacks:    100.0 bb (all curriculum stack sizing OFF)
  Aux loss weight: 0.0  (aux heads OFF)
  Target shaping:  priors OFF (tightness+counterfactual)
  Target clip:     40.0 bb
  Actor sharpen:   target_temp=0.4  entropy_penalty=0.0
  Policy target:   counterfactual  (actor regresses toward this action-value source)
  Bootstrap:       DISABLED (pure model)   Exploration: DISABLED
============================================================
  SELF-PLAY RL TRAINING SYSTEM (PLURIBUS V8)
============================================================
  Target Hands:    100,000
  Personality:     MAIN
  Sim Batch Size:  2,000
  Epochs/Batch:    3
  Learning Rate:   0.001
  Save File Name:  expert_main.pth
============================================================
WARNING: V7 baseline weights not found. Initializing random weights.

Launching simulation batch workers...
+========================================================================================+
|  SELF-PLAY V8 MULTI-PERSONALITY LEAGUE SYSTEM (RTX 4080 GPU)                           |
+========================================================================================+
|  Active Personality: MAIN                                                               |
|  Hands Simulated:         1,674 /    100,000   (  1.7%)                            |
|  Training Epoch:        3                                                              |
|  Bootstrap Alpha:      0.00                                                            |
|  Curriculum Stage:   Phase 1: 100BB Static                                         |
|  Elapsed Time:       1m 4s                                                            |
|  Sim Speed:              26 hands/sec                                                 |
|  ETA:                1h 3m 25s                                                        |
|  Training Samples:        1,674                                                        |
+----------------------------------------------------------------------------------------+
|  CUMULATIVE PERFORMANCE BY SEAT:                                                       |
|  - Seat 0 Hero (Main)     : -125.5 BB/100 (VPIP:69.1% AGG:45.0%) [R:1034  F:702   AI:27  ]|
|  - Seat 1 Opp 1 (Maniac)  :   +0.0 BB/100 (VPIP:30.0% AGG:40.0%) [R:0     F:0     AI:0   ]|
|  - Seat 2 Opp 2 (Nit)     :  -83.1 BB/100 (VPIP:15.2% AGG:18.7%) [R:173   F:1572  AI:5   ]|
|  - Seat 3 Opp 3 (Sticky)  :   +0.0 BB/100 (VPIP:30.0% AGG:40.0%) [R:0     F:0     AI:0   ]|
|  - Seat 4 Opp 4 (Past Self):   +0.0 BB/100 (VPIP:30.0% AGG:40.0%) [R:0     F:0     AI:0   ]|
|  - Seat 5 Opp 5 (TAG Bot) : +208.6 BB/100 (VPIP:47.4% AGG:55.1%) [R:949   F:942   AI:38  ]|
+----------------------------------------------------------------------------------------+
|  Global Post-Flop Avg Active Players: 1.47                                             |
+----------------------------------------------------------------------------------------+
|  EXPLOITATION SCOREBOARD (Net BB/100 Matrix):                                          |
|  [Winner \ Loser] | Hero  | S1    | S2    | S3    | S4    | S5    |                    |
|  Hero (Main)      |   -   |  +0.0 | +45.6 |  +0.0 |  +0.0 | -171.1 |                    |
|  Opp 1 (Maniac)   |  +0.0 |   -   |  +0.0 |  +0.0 |  +0.0 |  +0.0 |                    |
|  Opp 2 (Nit)      | -45.6 |  +0.0 |   -   |  +0.0 |  +0.0 | -37.5 |                    |
|  Opp 3 (Sticky)   |  +0.0 |  +0.0 |  +0.0 |   -   |  +0.0 |  +0.0 |                    |
|  Opp 4 (Past Self) |  +0.0 |  +0.0 |  +0.0 |  +0.0 |   -   |  +0.0 |                    |
|  Opp 5 (TAG Bot)  | +171.1 |  +0.0 | +37.5 |  +0.0 |  +0.0 |   -   |                    |
+----------------------------------------------------------------------------------------+
|  Action Entropy:       1.0506                                                        |
+----------------------------------------------------------------------------------------------------------+
|  Equity Matrix     | Fold  | Call  | Raise | RR   | All-In | Avg End Street | Net Chips | Won    | Lost  |
+----------------------------------------------------------------------------------------------------------+
|  <20% (Pure Air)   | 31.7% | 29.3% | 17.1% |  9.8% | 12.2%  |      2.3       | -5105.1   |  +2006 |  -7111 |
|  20-40% (Draws)    | 42.6% | 31.1% |  1.5% | 24.0% |  0.8%  |      0.2       | -9051.5   |  +5063 | -14115 |
|  40-60% (Marginal) | 43.8% | 29.1% |  3.0% | 22.9% |  1.3%  |      0.2       | -8651.6   | +11614 | -20265 |
|  60-80% (Strong)   | 38.4% | 33.3% |  3.7% | 22.7% |  1.9%  |      0.5       |   +49.9   |  +7675 |  -7625 |
|  >80% (Nuts)       | 29.8% | 38.3% | 10.6% | 12.8% |  8.5%  |      1.5       |  -552.3   |  +3106 |  -3658 |
+----------------------------------------------------------------------------------------------------------+
|  Train Loss:           8.2355  |  Val Loss:  10.0817                                |
|  Loss Q: 7.2318 | Pi: 1.0037 | Bluff: 0.0456 | Str: 0.2631 | Eq: 0.5624        |
+========================================================================================+
+========================================================================================+
|  SELF-PLAY V8 MULTI-PERSONALITY LEAGUE SYSTEM (RTX 4080 GPU)                           |
+========================================================================================+
|  Active Personality: MAIN                                                               |
|  Hands Simulated:         3,339 /    100,000   (  3.3%)                            |
|  Training Epoch:        6                                                              |
|  Bootstrap Alpha:      0.00                                                            |
|  Curriculum Stage:   Phase 1: 100BB Static                                         |
|  Elapsed Time:       2m 10s                                                           |
|  Sim Speed:              26 hands/sec                                                 |
|  ETA:                1h 2m 50s                                                        |
|  Training Samples:        3,339                                                        |
+----------------------------------------------------------------------------------------+
|  CUMULATIVE PERFORMANCE BY SEAT:                                                       |
|  - Seat 0 Hero (Main)     :  -94.8 BB/100 (VPIP:67.4% AGG:46.3%) [R:2098  F:1475  AI:77  ]|
|  - Seat 1 Opp 1 (Maniac)  :   +0.0 BB/100 (VPIP:30.0% AGG:40.0%) [R:0     F:0     AI:0   ]|
|  - Seat 2 Opp 2 (Nit)     :  -71.1 BB/100 (VPIP:15.2% AGG:19.4%) [R:326   F:3092  AI:12  ]|
|  - Seat 3 Opp 3 (Sticky)  :   +0.0 BB/100 (VPIP:30.0% AGG:40.0%) [R:0     F:0     AI:0   ]|
|  - Seat 4 Opp 4 (Past Self):   +0.0 BB/100 (VPIP:30.0% AGG:40.0%) [R:0     F:0     AI:0   ]|
|  - Seat 5 Opp 5 (TAG Bot) : +165.8 BB/100 (VPIP:47.0% AGG:55.4%) [R:1897  F:1910  AI:95  ]|
+----------------------------------------------------------------------------------------+
|  Global Post-Flop Avg Active Players: 1.45                                             |
+----------------------------------------------------------------------------------------+
|  EXPLOITATION SCOREBOARD (Net BB/100 Matrix):                                          |
|  [Winner \ Loser] | Hero  | S1    | S2    | S3    | S4    | S5    |                    |
|  Hero (Main)      |   -   |  +0.0 | +37.6 |  +0.0 |  +0.0 | -132.4 |                    |
|  Opp 1 (Maniac)   |  +0.0 |   -   |  +0.0 |  +0.0 |  +0.0 |  +0.0 |                    |
|  Opp 2 (Nit)      | -37.6 |  +0.0 |   -   |  +0.0 |  +0.0 | -33.5 |                    |
|  Opp 3 (Sticky)   |  +0.0 |  +0.0 |  +0.0 |   -   |  +0.0 |  +0.0 |                    |
|  Opp 4 (Past Self) |  +0.0 |  +0.0 |  +0.0 |  +0.0 |   -   |  +0.0 |                    |
|  Opp 5 (TAG Bot)  | +132.4 |  +0.0 | +33.5 |  +0.0 |  +0.0 |   -   |                    |
+----------------------------------------------------------------------------------------+
|  Action Entropy:       1.0453                                                        |
+----------------------------------------------------------------------------------------------------------+
|  Equity Matrix     | Fold  | Call  | Raise | RR   | All-In | Avg End Street | Net Chips | Won    | Lost  |
+----------------------------------------------------------------------------------------------------------+
|  <20% (Pure Air)   | 25.4% | 42.3% | 15.5% |  8.5% |  8.5%  |      2.5       | -7759.4   |  +3398 | -11157 |
|  20-40% (Draws)    | 48.7% | 27.3% |  1.6% | 21.4% |  1.0%  |      0.2       | -17849.0   | +11718 | -29567 |
|  40-60% (Marginal) | 44.7% | 28.5% |  2.5% | 22.5% |  1.9%  |      0.2       | -19941.9   | +26080 | -46022 |
|  60-80% (Strong)   | 35.0% | 29.2% |  4.1% | 27.6% |  4.1%  |      0.5       | +1369.6   | +17557 | -16187 |
|  >80% (Nuts)       | 25.9% | 28.7% | 18.5% | 13.0% | 13.9%  |      1.6       | +7844.6   | +15644 |  -7799 |
+----------------------------------------------------------------------------------------------------------+
|  Train Loss:          11.3562  |  Val Loss:   9.3008                                |
|  Loss Q: 10.3450 | Pi: 1.0112 | Bluff: 0.0529 | Str: 0.4694 | Eq: 0.5327        |
+========================================================================================+
+========================================================================================+
|  SELF-PLAY V8 MULTI-PERSONALITY LEAGUE SYSTEM (RTX 4080 GPU)                           |
+========================================================================================+
|  Active Personality: MAIN                                                               |
|  Hands Simulated:         4,964 /    100,000   (  5.0%)                            |
|  Training Epoch:        9                                                              |
|  Bootstrap Alpha:      0.00                                                            |
|  Curriculum Stage:   Phase 1: 100BB Static                                         |
|  Elapsed Time:       3m 14s                                                           |
|  Sim Speed:              26 hands/sec                                                 |
|  ETA:                1h 2m 4s                                                         |
|  Training Samples:        4,964                                                        |
+----------------------------------------------------------------------------------------+
|  CUMULATIVE PERFORMANCE BY SEAT:                                                       |
|  - Seat 0 Hero (Main)     : -108.2 BB/100 (VPIP:66.9% AGG:47.0%) [R:3240  F:2157  AI:129 ]|
|  - Seat 1 Opp 1 (Maniac)  :   +0.0 BB/100 (VPIP:30.0% AGG:40.0%) [R:0     F:0     AI:0   ]|
|  - Seat 2 Opp 2 (Nit)     :  -74.2 BB/100 (VPIP:15.2% AGG:20.7%) [R:490   F:4673  AI:16  ]|
|  - Seat 3 Opp 3 (Sticky)  :   +0.0 BB/100 (VPIP:30.0% AGG:40.0%) [R:0     F:0     AI:0   ]|
|  - Seat 4 Opp 4 (Past Self):   +0.0 BB/100 (VPIP:30.0% AGG:40.0%) [R:0     F:0     AI:0   ]|
|  - Seat 5 Opp 5 (TAG Bot) : +182.3 BB/100 (VPIP:46.6% AGG:55.8%) [R:2846  F:2908  AI:149 ]|
+----------------------------------------------------------------------------------------+
|  Global Post-Flop Avg Active Players: 1.45                                             |
+----------------------------------------------------------------------------------------+
|  EXPLOITATION SCOREBOARD (Net BB/100 Matrix):                                          |
|  [Winner \ Loser] | Hero  | S1    | S2    | S3    | S4    | S5    |                    |
|  Hero (Main)      |   -   |  +0.0 | +40.0 |  +0.0 |  +0.0 | -148.2 |                    |
|  Opp 1 (Maniac)   |  +0.0 |   -   |  +0.0 |  +0.0 |  +0.0 |  +0.0 |                    |
|  Opp 2 (Nit)      | -40.0 |  +0.0 |   -   |  +0.0 |  +0.0 | -34.1 |                    |
|  Opp 3 (Sticky)   |  +0.0 |  +0.0 |  +0.0 |   -   |  +0.0 |  +0.0 |                    |
|  Opp 4 (Past Self) |  +0.0 |  +0.0 |  +0.0 |  +0.0 |   -   |  +0.0 |                    |
|  Opp 5 (TAG Bot)  | +148.2 |  +0.0 | +34.1 |  +0.0 |  +0.0 |   -   |                    |
+----------------------------------------------------------------------------------------+
|  Action Entropy:       1.0455                                                        |
+----------------------------------------------------------------------------------------------------------+
|  Equity Matrix     | Fold  | Call  | Raise | RR   | All-In | Avg End Street | Net Chips | Won    | Lost  |
+----------------------------------------------------------------------------------------------------------+
|  <20% (Pure Air)   | 26.0% | 41.7% | 15.6% |  9.4% |  7.3%  |      2.5       | -12294.9   |  +3749 | -16044 |
|  20-40% (Draws)    | 49.7% | 25.9% |  1.6% | 21.7% |  1.1%  |      0.2       | -22867.1   | +20318 | -43185 |
|  40-60% (Marginal) | 42.5% | 27.6% |  2.4% | 25.2% |  2.2%  |      0.2       | -37266.9   | +38133 | -75400 |
|  60-80% (Strong)   | 32.5% | 28.7% |  4.0% | 29.4% |  5.5%  |      0.5       |  +118.5   | +30472 | -30354 |
|  >80% (Nuts)       | 27.0% | 28.9% | 14.5% | 16.4% | 13.2%  |      1.6       | +11365.5   | +23026 | -11661 |
+----------------------------------------------------------------------------------------------------------+
|  Train Loss:          10.9954  |  Val Loss:  11.2274                                |
|  Loss Q: 9.9666 | Pi: 1.0288 | Bluff: 0.0948 | Str: 0.5769 | Eq: 0.4691        |
+========================================================================================+
+========================================================================================+
|  SELF-PLAY V8 MULTI-PERSONALITY LEAGUE SYSTEM (RTX 4080 GPU)                           |
+========================================================================================+
|  Active Personality: MAIN                                                               |
|  Hands Simulated:         6,628 /    100,000   (  6.6%)                            |
|  Training Epoch:       12                                                              |
|  Bootstrap Alpha:      0.00                                                            |
|  Curriculum Stage:   Phase 1: 100BB Static                                         |
|  Elapsed Time:       4m 21s                                                           |
|  Sim Speed:              25 hands/sec                                                 |
|  ETA:                1h 1m 30s                                                        |
|  Training Samples:        6,628                                                        |
+----------------------------------------------------------------------------------------+
|  CUMULATIVE PERFORMANCE BY SEAT:                                                       |
|  - Seat 0 Hero (Main)     :  -97.0 BB/100 (VPIP:66.4% AGG:47.8%) [R:4396  F:2861  AI:169 ]|
|  - Seat 1 Opp 1 (Maniac)  :   +0.0 BB/100 (VPIP:30.0% AGG:40.0%) [R:0     F:0     AI:0   ]|
|  - Seat 2 Opp 2 (Nit)     :  -77.1 BB/100 (VPIP:15.2% AGG:20.4%) [R:638   F:6244  AI:18  ]|
|  - Seat 3 Opp 3 (Sticky)  :   +0.0 BB/100 (VPIP:30.0% AGG:40.0%) [R:0     F:0     AI:0   ]|
|  - Seat 4 Opp 4 (Past Self):   +0.0 BB/100 (VPIP:30.0% AGG:40.0%) [R:0     F:0     AI:0   ]|
|  - Seat 5 Opp 5 (TAG Bot) : +174.0 BB/100 (VPIP:46.4% AGG:56.3%) [R:3802  F:3899  AI:198 ]|
+----------------------------------------------------------------------------------------+
|  Global Post-Flop Avg Active Players: 1.45                                             |
+----------------------------------------------------------------------------------------+
|  EXPLOITATION SCOREBOARD (Net BB/100 Matrix):                                          |
|  [Winner \ Loser] | Hero  | S1    | S2    | S3    | S4    | S5    |                    |
|  Hero (Main)      |   -   |  +0.0 | +42.0 |  +0.0 |  +0.0 | -139.0 |                    |
|  Opp 1 (Maniac)   |  +0.0 |   -   |  +0.0 |  +0.0 |  +0.0 |  +0.0 |                    |
|  Opp 2 (Nit)      | -42.0 |  +0.0 |   -   |  +0.0 |  +0.0 | -35.0 |                    |
|  Opp 3 (Sticky)   |  +0.0 |  +0.0 |  +0.0 |   -   |  +0.0 |  +0.0 |                    |
|  Opp 4 (Past Self) |  +0.0 |  +0.0 |  +0.0 |  +0.0 |   -   |  +0.0 |                    |
|  Opp 5 (TAG Bot)  | +139.0 |  +0.0 | +35.0 |  +0.0 |  +0.0 |   -   |                    |
+----------------------------------------------------------------------------------------+
|  Action Entropy:       1.0452                                                        |
+----------------------------------------------------------------------------------------------------------+
|  Equity Matrix     | Fold  | Call  | Raise | RR   | All-In | Avg End Street | Net Chips | Won    | Lost  |
+----------------------------------------------------------------------------------------------------------+
|  <20% (Pure Air)   | 29.9% | 38.8% | 14.9% |  9.0% |  7.5%  |      2.5       | -22452.4   |  +3822 | -26274 |
|  20-40% (Draws)    | 49.2% | 24.7% |  1.8% | 23.2% |  1.1%  |      0.2       | -27074.3   | +28635 | -55709 |
|  40-60% (Marginal) | 42.4% | 27.7% |  2.3% | 25.5% |  2.0%  |      0.2       | -42345.1   | +51109 | -93454 |
|  60-80% (Strong)   | 31.8% | 27.9% |  4.3% | 30.4% |  5.6%  |      0.6       | +1360.4   | +42479 | -41118 |
|  >80% (Nuts)       | 26.3% | 28.6% | 15.2% | 16.6% | 13.4%  |      1.6       | +16676.6   | +32717 | -16041 |
+----------------------------------------------------------------------------------------------------------+
|  Train Loss:          10.3974  |  Val Loss:   9.8203                                |
|  Loss Q: 9.3548 | Pi: 1.0426 | Bluff: 0.0614 | Str: 0.5053 | Eq: 0.5075        |
+========================================================================================+
